<?xml version="1.0" encoding="UTF-8"?>
<coverage generated="1500801791">
  <project timestamp="1500801791">
    <package name="Snout\Exceptions">
      <file name="/home/luther/snout/src/Exceptions/ConfigurationException.php">
        <class name="ConfigurationException" namespace="Snout\Exceptions">
          <metrics complexity="0" methods="0" coveredmethods="0" conditionals="0" coveredconditionals="0" statements="0" coveredstatements="0" elements="0" coveredelements="0"/>
        </class>
        <metrics loc="8" ncloc="5" classes="0" methods="0" coveredmethods="0" conditionals="0" coveredconditionals="0" statements="0" coveredstatements="0" elements="0" coveredelements="0"/>
      </file>
      <file name="/home/luther/snout/src/Exceptions/LexerException.php">
        <class name="LexerException" namespace="Snout\Exceptions">
          <metrics complexity="0" methods="0" coveredmethods="0" conditionals="0" coveredconditionals="0" statements="0" coveredstatements="0" elements="0" coveredelements="0"/>
        </class>
        <metrics loc="8" ncloc="5" classes="0" methods="0" coveredmethods="0" conditionals="0" coveredconditionals="0" statements="0" coveredstatements="0" elements="0" coveredelements="0"/>
      </file>
      <file name="/home/luther/snout/src/Exceptions/ParserException.php">
        <class name="ParserException" namespace="Snout\Exceptions">
          <metrics complexity="0" methods="0" coveredmethods="0" conditionals="0" coveredconditionals="0" statements="0" coveredstatements="0" elements="0" coveredelements="0"/>
        </class>
        <metrics loc="8" ncloc="5" classes="0" methods="0" coveredmethods="0" conditionals="0" coveredconditionals="0" statements="0" coveredstatements="0" elements="0" coveredelements="0"/>
      </file>
      <file name="/home/luther/snout/src/Exceptions/RouterException.php">
        <class name="RouterException" namespace="Snout\Exceptions">
          <metrics complexity="0" methods="0" coveredmethods="0" conditionals="0" coveredconditionals="0" statements="0" coveredstatements="0" elements="0" coveredelements="0"/>
        </class>
        <metrics loc="8" ncloc="5" classes="0" methods="0" coveredmethods="0" conditionals="0" coveredconditionals="0" statements="0" coveredstatements="0" elements="0" coveredelements="0"/>
      </file>
    </package>
    <package name="Snout">
      <file name="/home/luther/snout/src/Lexer.php">
        <class name="Lexer" namespace="Snout">
          <metrics complexity="32" methods="12" coveredmethods="12" conditionals="0" coveredconditionals="0" statements="45" coveredstatements="45" elements="57" coveredelements="57"/>
        </class>
        <line num="42" type="method" name="__construct" visibility="public" complexity="1" crap="1" count="12"/>
        <line num="44" type="stmt" count="12"/>
        <line num="45" type="stmt" count="12"/>
        <line num="46" type="stmt" count="12"/>
        <line num="47" type="stmt" count="12"/>
        <line num="48" type="stmt" count="12"/>
        <line num="51" type="stmt" count="12"/>
        <line num="52" type="stmt" count="11"/>
        <line num="57" type="method" name="getToken" visibility="public" complexity="1" crap="1" count="9"/>
        <line num="59" type="stmt" count="9"/>
        <line num="65" type="method" name="hasPayload" visibility="public" complexity="1" crap="1" count="4"/>
        <line num="67" type="stmt" count="4"/>
        <line num="74" type="method" name="getPayload" visibility="public" complexity="2" crap="2" count="5"/>
        <line num="76" type="stmt" count="5"/>
        <line num="77" type="stmt" count="1"/>
        <line num="80" type="stmt" count="4"/>
        <line num="86" type="method" name="getTokenCount" visibility="public" complexity="1" crap="1" count="2"/>
        <line num="88" type="stmt" count="2"/>
        <line num="94" type="method" name="getPayloadCount" visibility="public" complexity="1" crap="1" count="1"/>
        <line num="96" type="stmt" count="1"/>
        <line num="102" type="method" name="getCharCount" visibility="public" complexity="1" crap="1" count="3"/>
        <line num="104" type="stmt" count="3"/>
        <line num="110" type="method" name="getColumn" visibility="public" complexity="1" crap="1" count="7"/>
        <line num="112" type="stmt" count="7"/>
        <line num="119" type="method" name="next" visibility="public" complexity="16" crap="16" count="12"/>
        <line num="121" type="stmt" count="12"/>
        <line num="122" type="stmt" count="4"/>
        <line num="123" type="stmt" count="4"/>
        <line num="125" type="stmt" count="4"/>
        <line num="128" type="stmt" count="12"/>
        <line num="130" type="stmt" count="12"/>
        <line num="132" type="stmt" count="12"/>
        <line num="133" type="stmt" count="12"/>
        <line num="136" type="stmt" count="12"/>
        <line num="137" type="stmt" count="3"/>
        <line num="139" type="stmt" count="3"/>
        <line num="142" type="stmt" count="12"/>
        <line num="143" type="method" name="anonymous function" complexity="1" crap="1" count="12"/>
        <line num="144" type="stmt" count="12"/>
        <line num="145" type="stmt" count="12"/>
        <line num="148" type="stmt" count="12"/>
        <line num="149" type="stmt" count="7"/>
        <line num="151" type="stmt" count="7"/>
        <line num="154" type="stmt" count="10"/>
        <line num="155" type="stmt" count="10"/>
        <line num="158" type="stmt" count="10"/>
        <line num="159" type="stmt" count="6"/>
        <line num="160" type="stmt" count="6"/>
        <line num="162" type="stmt" count="7"/>
        <line num="163" type="stmt" count="2"/>
        <line num="164" type="stmt" count="2"/>
        <line num="166" type="stmt" count="7"/>
        <line num="167" type="stmt" count="2"/>
        <line num="168" type="stmt" count="2"/>
        <line num="170" type="stmt" count="7"/>
        <line num="171" type="stmt" count="3"/>
        <line num="172" type="stmt" count="3"/>
        <line num="174" type="stmt" count="6"/>
        <line num="175" type="stmt" count="3"/>
        <line num="176" type="stmt" count="3"/>
        <line num="178" type="stmt" count="6"/>
        <line num="179" type="stmt" count="3"/>
        <line num="180" type="stmt" count="3"/>
        <line num="182" type="stmt" count="6"/>
        <line num="183" type="stmt" count="3"/>
        <line num="184" type="stmt" count="3"/>
        <line num="186" type="stmt" count="6"/>
        <line num="187" type="stmt" count="2"/>
        <line num="188" type="stmt" count="2"/>
        <line num="190" type="stmt" count="5"/>
        <line num="191" type="stmt" count="4"/>
        <line num="192" type="stmt" count="4"/>
        <line num="194" type="stmt" count="2"/>
        <line num="195" type="stmt" count="1"/>
        <line num="196" type="stmt" count="1"/>
        <line num="198" type="stmt" count="2"/>
        <line num="199" type="stmt" count="1"/>
        <line num="200" type="stmt" count="1"/>
        <line num="202" type="stmt" count="2"/>
        <line num="203" type="stmt" count="1"/>
        <line num="204" type="stmt" count="1"/>
        <line num="207" type="stmt" count="1"/>
        <line num="208" type="stmt" count="1"/>
        <line num="209" type="stmt" count="1"/>
        <line num="221" type="method" name="scan" visibility="private" complexity="3" crap="3" count="12"/>
        <line num="223" type="stmt" count="12"/>
        <line num="224" type="stmt" count="4"/>
        <line num="227" type="stmt" count="12"/>
        <line num="229" type="stmt" count="12"/>
        <line num="230" type="stmt" count="7"/>
        <line num="231" type="stmt" count="7"/>
        <line num="233" type="stmt" count="7"/>
        <line num="236" type="stmt" count="12"/>
        <line num="246" type="method" name="setResult" visibility="private" complexity="3" crap="3" count="11"/>
        <line num="248" type="stmt" count="11"/>
        <line num="250" type="stmt" count="11"/>
        <line num="251" type="stmt" count="9"/>
        <line num="253" type="stmt" count="9"/>
        <line num="256" type="stmt" count="7"/>
        <line num="257" type="stmt" count="7"/>
        <line num="258" type="stmt" count="7"/>
        <metrics loc="258" ncloc="195" classes="1" methods="12" coveredmethods="12" conditionals="0" coveredconditionals="0" statements="89" coveredstatements="89" elements="101" coveredelements="101"/>
      </file>
      <file name="/home/luther/snout/src/Parser.php">
        <class name="Parser" namespace="Snout">
          <metrics complexity="16" methods="9" coveredmethods="7" conditionals="0" coveredconditionals="0" statements="35" coveredstatements="31" elements="44" coveredelements="38"/>
        </class>
        <line num="36" type="method" name="__construct" visibility="public" complexity="1" crap="1" count="9"/>
        <line num="38" type="stmt" count="9"/>
        <line num="39" type="stmt" count="8"/>
        <line num="40" type="stmt" count="8"/>
        <line num="46" type="method" name="configure" visibility="public" complexity="1" crap="1" count="9"/>
        <line num="48" type="stmt" count="9"/>
        <line num="49" type="stmt" count="8"/>
        <line num="50" type="method" name="anonymous function" complexity="1" crap="1" count="8"/>
        <line num="51" type="stmt" count="8"/>
        <line num="52" type="stmt" count="8"/>
        <line num="55" type="stmt" count="8"/>
        <line num="56" type="stmt" count="8"/>
        <line num="61" type="method" name="getToken" visibility="public" complexity="1" crap="1" count="3"/>
        <line num="63" type="stmt" count="3"/>
        <line num="69" type="method" name="hasPayload" visibility="public" complexity="1" crap="2" count="0"/>
        <line num="71" type="stmt" count="0"/>
        <line num="77" type="method" name="getPayload" visibility="public" complexity="1" crap="1" count="2"/>
        <line num="79" type="stmt" count="2"/>
        <line num="85" type="method" name="isEnd" visibility="public" complexity="1" crap="1" count="3"/>
        <line num="87" type="stmt" count="3"/>
        <line num="98" type="method" name="accept" visibility="public" complexity="7" crap="7.14" count="7"/>
        <line num="100" type="stmt" count="7"/>
        <line num="102" type="stmt" count="7"/>
        <line num="103" type="stmt" count="1"/>
        <line num="104" type="stmt" count="1"/>
        <line num="105" type="stmt" count="1"/>
        <line num="109" type="stmt" count="6"/>
        <line num="110" type="stmt" count="4"/>
        <line num="111" type="stmt" count="4"/>
        <line num="112" type="stmt" count="4"/>
        <line num="116" type="stmt" count="5"/>
        <line num="117" type="stmt" count="2"/>
        <line num="118" type="stmt" count="0"/>
        <line num="119" type="stmt" count="0"/>
        <line num="120" type="stmt" count="0"/>
        <line num="124" type="stmt" count="2"/>
        <line num="125" type="stmt" count="2"/>
        <line num="126" type="stmt" count="2"/>
        <line num="127" type="stmt" count="2"/>
        <line num="128" type="stmt" count="2"/>
        <line num="133" type="stmt" count="4"/>
        <line num="134" type="stmt" count="4"/>
        <line num="143" type="method" name="optionalAccept" visibility="public" complexity="2" crap="2" count="2"/>
        <line num="146" type="stmt" count="2"/>
        <line num="147" type="stmt" count="2"/>
        <line num="150" type="stmt" count="2"/>
        <metrics loc="151" ncloc="102" classes="1" methods="9" coveredmethods="7" conditionals="0" coveredconditionals="0" statements="37" coveredstatements="33" elements="46" coveredelements="40"/>
      </file>
      <file name="/home/luther/snout/src/Route.php">
        <class name="Route" namespace="Snout">
          <metrics complexity="20" methods="10" coveredmethods="7" conditionals="0" coveredconditionals="0" statements="58" coveredstatements="53" elements="68" coveredelements="60"/>
        </class>
        <line num="50" type="method" name="__construct" visibility="public" complexity="1" crap="1" count="3"/>
        <line num="55" type="stmt" count="3"/>
        <line num="56" type="stmt" count="3"/>
        <line num="57" type="stmt" count="3"/>
        <line num="58" type="stmt" count="3"/>
        <line num="59" type="stmt" count="3"/>
        <line num="64" type="method" name="getParameters" visibility="public" complexity="1" crap="1" count="2"/>
        <line num="66" type="stmt" count="2"/>
        <line num="72" type="method" name="getController" visibility="public" complexity="1" crap="2" count="0"/>
        <line num="74" type="stmt" count="0"/>
        <line num="80" type="method" name="runController" visibility="public" complexity="2" crap="2.06" count="2"/>
        <line num="82" type="stmt" count="2"/>
        <line num="83" type="stmt" count="0"/>
        <line num="86" type="stmt" count="2"/>
        <line num="87" type="stmt" count="2"/>
        <line num="95" type="method" name="match" visibility="public" complexity="5" crap="5" count="2"/>
        <line num="97" type="stmt" count="2"/>
        <line num="98" type="stmt" count="2"/>
        <line num="100" type="stmt" count="1"/>
        <line num="104" type="stmt" count="2"/>
        <line num="105" type="stmt" count="1"/>
        <line num="106" type="stmt" count="1"/>
        <line num="109" type="stmt" count="2"/>
        <line num="116" type="method" name="configure" visibility="private" complexity="1" crap="1" count="3"/>
        <line num="118" type="stmt" count="3"/>
        <line num="120" type="stmt" count="3"/>
        <line num="122" type="stmt" count="3"/>
        <line num="123" type="method" name="anonymous function" complexity="1" crap="1" count="3"/>
        <line num="124" type="stmt" count="3"/>
        <line num="125" type="stmt" count="3"/>
        <line num="127" type="stmt" count="3"/>
        <line num="130" type="stmt" count="3"/>
        <line num="131" type="stmt" count="3"/>
        <line num="138" type="method" name="isMatchingParameter" visibility="private" complexity="2" crap="2" count="2"/>
        <line num="141" type="stmt" count="2"/>
        <line num="142" type="stmt" count="2"/>
        <line num="151" type="method" name="parseParameter" visibility="private" complexity="4" crap="4.04" count="2"/>
        <line num="156" type="stmt" count="2"/>
        <line num="157" type="stmt" count="2"/>
        <line num="161" type="stmt" count="1"/>
        <line num="162" type="stmt" count="1"/>
        <line num="163" type="stmt" count="1"/>
        <line num="164" type="stmt" count="1"/>
        <line num="165" type="stmt" count="1"/>
        <line num="166" type="stmt" count="1"/>
        <line num="167" type="stmt" count="1"/>
        <line num="168" type="stmt" count="1"/>
        <line num="169" type="stmt" count="1"/>
        <line num="170" type="stmt" count="1"/>
        <line num="171" type="stmt" count="1"/>
        <line num="172" type="stmt" count="0"/>
        <line num="174" type="stmt" count="0"/>
        <line num="177" type="stmt" count="1"/>
        <line num="179" type="stmt" count="0"/>
        <line num="182" type="stmt" count="1"/>
        <line num="183" type="stmt" count="1"/>
        <line num="184" type="stmt" count="1"/>
        <line num="185" type="stmt" count="1"/>
        <line num="190" type="stmt" count="1"/>
        <line num="199" type="method" name="matchParameter" visibility="public" complexity="2" crap="2" count="1"/>
        <line num="201" type="stmt" count="1"/>
        <line num="202" type="stmt" count="1"/>
        <line num="204" type="stmt" count="1"/>
        <line num="205" type="stmt" count="1"/>
        <line num="206" type="stmt" count="1"/>
        <line num="208" type="stmt" count="1"/>
        <line num="211" type="stmt" count="1"/>
        <line num="212" type="stmt" count="1"/>
        <line num="213" type="stmt" count="1"/>
        <line num="216" type="stmt" count="1"/>
        <line num="218" type="stmt" count="1"/>
        <metrics loc="220" ncloc="149" classes="1" methods="10" coveredmethods="7" conditionals="0" coveredconditionals="0" statements="61" coveredstatements="56" elements="71" coveredelements="63"/>
      </file>
      <file name="/home/luther/snout/src/Router.php">
        <class name="Router" namespace="Snout">
          <metrics complexity="8" methods="4" coveredmethods="2" conditionals="0" coveredconditionals="0" statements="20" coveredstatements="16" elements="24" coveredelements="18"/>
        </class>
        <line num="72" type="method" name="__construct" visibility="public" complexity="1" crap="1" count="1"/>
        <line num="74" type="stmt" count="1"/>
        <line num="75" type="stmt" count="1"/>
        <line num="76" type="stmt" count="1"/>
        <line num="83" type="method" name="route" visibility="public" complexity="1" crap="1" count="1"/>
        <line num="85" type="stmt" count="1"/>
        <line num="86" type="stmt" count="1"/>
        <line num="87" type="stmt" count="1"/>
        <line num="88" type="stmt" count="1"/>
        <line num="89" type="stmt" count="1"/>
        <line num="90" type="stmt" count="1"/>
        <line num="92" type="stmt" count="1"/>
        <line num="95" type="stmt" count="1"/>
        <line num="102" type="method" name="match" visibility="public" complexity="5" crap="5.58" count="1"/>
        <line num="104" type="stmt" count="1"/>
        <line num="105" type="stmt" count="1"/>
        <line num="106" type="stmt" count="1"/>
        <line num="109" type="stmt" count="1"/>
        <line num="110" type="stmt" count="0"/>
        <line num="113" type="stmt" count="1"/>
        <line num="114" type="stmt" count="0"/>
        <line num="115" type="method" name="anonymous function" complexity="1" crap="2" count="0"/>
        <line num="116" type="stmt" count="0"/>
        <line num="117" type="stmt" count="0"/>
        <line num="120" type="stmt" count="0"/>
        <line num="123" type="stmt" count="1"/>
        <line num="124" type="stmt" count="0"/>
        <line num="127" type="stmt" count="1"/>
        <metrics loc="128" ncloc="100" classes="1" methods="4" coveredmethods="2" conditionals="0" coveredconditionals="0" statements="24" coveredstatements="18" elements="28" coveredelements="20"/>
      </file>
      <file name="/home/luther/snout/src/Token.php">
        <class name="Token" namespace="Snout">
          <metrics complexity="1" methods="1" coveredmethods="1" conditionals="0" coveredconditionals="0" statements="1" coveredstatements="1" elements="2" coveredelements="2"/>
        </class>
        <line num="88" type="method" name="tokenize" visibility="public" complexity="1" crap="1" count="8"/>
        <line num="90" type="stmt" count="8"/>
        <metrics loc="92" ncloc="40" classes="1" methods="1" coveredmethods="1" conditionals="0" coveredconditionals="0" statements="1" coveredstatements="1" elements="2" coveredelements="2"/>
      </file>
    </package>
    <package name="Snout\Utilities">
      <file name="/home/luther/snout/src/Utilities/StringIterator.php">
        <class name="StringIterator" namespace="Snout\Utilities">
          <metrics complexity="6" methods="6" coveredmethods="6" conditionals="0" coveredconditionals="0" statements="10" coveredstatements="10" elements="16" coveredelements="16"/>
        </class>
        <line num="22" type="method" name="__construct" visibility="public" complexity="1" crap="1" count="14"/>
        <line num="24" type="stmt" count="14"/>
        <line num="25" type="stmt" count="14"/>
        <line num="26" type="stmt" count="14"/>
        <line num="31" type="method" name="current" visibility="public" complexity="1" crap="1" count="14"/>
        <line num="33" type="stmt" count="14"/>
        <line num="39" type="method" name="key" visibility="public" complexity="1" crap="1" count="14"/>
        <line num="41" type="stmt" count="14"/>
        <line num="47" type="method" name="next" visibility="public" complexity="1" crap="1" count="14"/>
        <line num="49" type="stmt" count="14"/>
        <line num="50" type="stmt" count="14"/>
        <line num="55" type="method" name="rewind" visibility="public" complexity="1" crap="1" count="1"/>
        <line num="57" type="stmt" count="1"/>
        <line num="58" type="stmt" count="1"/>
        <line num="63" type="method" name="valid" visibility="public" complexity="1" crap="1" count="14"/>
        <line num="65" type="stmt" count="14"/>
        <metrics loc="66" ncloc="39" classes="1" methods="6" coveredmethods="6" conditionals="0" coveredconditionals="0" statements="10" coveredstatements="10" elements="16" coveredelements="16"/>
      </file>
    </package>
    <file name="/home/luther/snout/src/functions.php">
      <line num="16" type="stmt" count="8"/>
      <line num="17" type="stmt" count="8"/>
      <line num="19" type="stmt" count="8"/>
      <line num="20" type="stmt" count="8"/>
      <line num="23" type="stmt" count="8"/>
      <line num="37" type="stmt" count="5"/>
      <line num="39" type="stmt" count="5"/>
      <line num="40" type="stmt" count="0"/>
      <line num="41" type="stmt" count="0"/>
      <line num="44" type="stmt" count="0"/>
      <line num="47" type="stmt" count="5"/>
      <line num="60" type="stmt" count="9"/>
      <line num="62" type="stmt" count="9"/>
      <line num="63" type="stmt" count="8"/>
      <line num="66" type="stmt" count="1"/>
      <line num="68" type="stmt" count="1"/>
      <metrics loc="70" ncloc="47" classes="0" methods="0" coveredmethods="0" conditionals="0" coveredconditionals="0" statements="16" coveredstatements="13" elements="16" coveredelements="13"/>
    </file>
    <metrics files="11" loc="1017" ncloc="692" classes="6" methods="42" coveredmethods="35" conditionals="0" coveredconditionals="0" statements="238" coveredstatements="220" elements="280" coveredelements="255"/>
  </project>
</coverage>
